2011/10/14 22:10:51 [trace] [system.CModule] Loading "log" application component
in C:\wamp\www\index.php (14)
2011/10/14 22:10:51 [trace] [system.CModule] Loading "request" application component
in C:\wamp\www\index.php (14)
2011/10/14 22:10:51 [trace] [system.CModule] Loading "urlManager" application component
in C:\wamp\www\index.php (14)
2011/10/14 22:10:51 [trace] [system.CModule] Loading "cache" application component
in C:\wamp\www\index.php (14)
2011/10/14 22:10:51 [trace] [system.caching.CFileCache] Serving "Yii.CUrlManager.rules" from cache
in C:\wamp\www\index.php (14)
2011/10/14 22:10:51 [trace] [system.CModule] Loading "coreMessages" application component
in C:\wamp\www\index.php (14)
2011/10/14 22:10:51 [trace] [system.CModule] Loading "errorHandler" application component
2011/10/14 22:11:43 [trace] [system.CModule] Loading "log" application component
in C:\wamp\www\index.php (14)
2011/10/14 22:11:43 [trace] [system.CModule] Loading "request" application component
in C:\wamp\www\index.php (14)
2011/10/14 22:11:43 [trace] [system.CModule] Loading "urlManager" application component
in C:\wamp\www\index.php (14)
2011/10/14 22:11:43 [trace] [system.CModule] Loading "cache" application component
in C:\wamp\www\index.php (14)
2011/10/14 22:11:43 [trace] [system.caching.CFileCache] Serving "Yii.CUrlManager.rules" from cache
in C:\wamp\www\index.php (14)
2011/10/14 22:11:43 [trace] [system.CModule] Loading "coreMessages" application component
in C:\wamp\www\index.php (14)
2011/10/14 22:11:43 [trace] [system.CModule] Loading "errorHandler" application component
2011/10/14 22:13:20 [trace] [system.CModule] Loading "log" application component
in C:\wamp\www\index.php (14)
2011/10/14 22:13:20 [trace] [system.CModule] Loading "request" application component
in C:\wamp\www\index.php (14)
2011/10/14 22:13:20 [trace] [system.CModule] Loading "urlManager" application component
in C:\wamp\www\index.php (14)
2011/10/14 22:13:20 [trace] [system.CModule] Loading "cache" application component
in C:\wamp\www\index.php (14)
2011/10/14 22:13:20 [trace] [system.caching.CFileCache] Serving "Yii.CUrlManager.rules" from cache
in C:\wamp\www\index.php (14)
2011/10/14 22:13:20 [trace] [system.CModule] Loading "coreMessages" application component
in C:\wamp\www\index.php (14)
2011/10/14 22:13:20 [trace] [system.CModule] Loading "errorHandler" application component
2011/10/14 22:13:58 [trace] [system.CModule] Loading "log" application component
in C:\wamp\www\index.php (14)
2011/10/14 22:13:58 [trace] [system.CModule] Loading "request" application component
in C:\wamp\www\index.php (14)
2011/10/14 22:13:58 [trace] [system.CModule] Loading "urlManager" application component
in C:\wamp\www\index.php (14)
2011/10/14 22:13:58 [trace] [system.CModule] Loading "cache" application component
in C:\wamp\www\index.php (14)
2011/10/14 22:13:58 [trace] [system.caching.CFileCache] Serving "Yii.CUrlManager.rules" from cache
in C:\wamp\www\index.php (14)
2011/10/14 22:13:58 [trace] [system.CModule] Loading "coreMessages" application component
in C:\wamp\www\index.php (14)
2011/10/14 22:13:58 [trace] [system.CModule] Loading "errorHandler" application component
2011/10/14 22:15:59 [trace] [system.CModule] Loading "log" application component
in C:\wamp\www\index.php (14)
2011/10/14 22:15:59 [trace] [system.CModule] Loading "request" application component
in C:\wamp\www\index.php (14)
2011/10/14 22:15:59 [trace] [system.CModule] Loading "urlManager" application component
in C:\wamp\www\index.php (14)
2011/10/14 22:15:59 [trace] [system.CModule] Loading "cache" application component
in C:\wamp\www\index.php (14)
2011/10/14 22:15:59 [trace] [system.caching.CFileCache] Serving "Yii.CUrlManager.rules" from cache
in C:\wamp\www\index.php (14)
2011/10/14 22:15:59 [trace] [system.CModule] Loading "coreMessages" application component
in C:\wamp\www\index.php (14)
2011/10/14 22:15:59 [trace] [system.CModule] Loading "errorHandler" application component
2011/10/14 22:16:04 [trace] [system.CModule] Loading "log" application component
in C:\wamp\www\index.php (14)
2011/10/14 22:16:04 [trace] [system.CModule] Loading "request" application component
in C:\wamp\www\index.php (14)
2011/10/14 22:16:04 [trace] [system.CModule] Loading "urlManager" application component
in C:\wamp\www\index.php (14)
2011/10/14 22:16:04 [trace] [system.CModule] Loading "cache" application component
in C:\wamp\www\index.php (14)
2011/10/14 22:16:04 [trace] [system.caching.CFileCache] Serving "Yii.CUrlManager.rules" from cache
in C:\wamp\www\index.php (14)
2011/10/14 22:16:04 [trace] [system.CModule] Loading "coreMessages" application component
in C:\wamp\www\index.php (14)
2011/10/14 22:16:04 [trace] [system.CModule] Loading "errorHandler" application component
2011/10/14 22:16:51 [trace] [system.CModule] Loading "log" application component
in C:\wamp\www\index.php (14)
2011/10/14 22:16:51 [trace] [system.CModule] Loading "request" application component
in C:\wamp\www\index.php (14)
2011/10/14 22:16:51 [trace] [system.CModule] Loading "urlManager" application component
in C:\wamp\www\index.php (14)
2011/10/14 22:16:51 [trace] [system.CModule] Loading "cache" application component
in C:\wamp\www\index.php (14)
2011/10/14 22:16:51 [trace] [system.caching.CFileCache] Serving "Yii.CUrlManager.rules" from cache
in C:\wamp\www\index.php (14)
2011/10/14 22:16:51 [trace] [system.CModule] Loading "coreMessages" application component
in C:\wamp\www\index.php (14)
2011/10/14 22:16:51 [trace] [system.CModule] Loading "errorHandler" application component
2011/10/14 22:17:42 [trace] [system.CModule] Loading "log" application component
in C:\wamp\www\index.php (14)
2011/10/14 22:17:42 [trace] [system.CModule] Loading "request" application component
in C:\wamp\www\index.php (14)
2011/10/14 22:17:42 [trace] [system.CModule] Loading "urlManager" application component
in C:\wamp\www\index.php (14)
2011/10/14 22:17:42 [trace] [system.CModule] Loading "cache" application component
in C:\wamp\www\index.php (14)
2011/10/14 22:17:42 [trace] [system.caching.CFileCache] Serving "Yii.CUrlManager.rules" from cache
in C:\wamp\www\index.php (14)
2011/10/14 22:17:42 [trace] [system.CModule] Loading "coreMessages" application component
in C:\wamp\www\index.php (14)
2011/10/14 22:17:42 [trace] [system.CModule] Loading "errorHandler" application component
2011/10/14 22:26:51 [trace] [system.CModule] Loading "log" application component
in C:\wamp\www\index.php (14)
2011/10/14 22:26:51 [trace] [system.CModule] Loading "request" application component
in C:\wamp\www\index.php (14)
2011/10/14 22:26:51 [trace] [system.CModule] Loading "urlManager" application component
in C:\wamp\www\index.php (14)
2011/10/14 22:26:51 [trace] [system.CModule] Loading "cache" application component
in C:\wamp\www\index.php (14)
2011/10/14 22:26:51 [trace] [system.caching.CFileCache] Serving "Yii.CUrlManager.rules" from cache
in C:\wamp\www\index.php (14)
2011/10/14 22:26:51 [trace] [system.CModule] Loading "coreMessages" application component
in C:\wamp\www\index.php (14)
2011/10/14 22:26:51 [trace] [system.CModule] Loading "errorHandler" application component
2011/10/14 22:26:52 [trace] [system.CModule] Loading "log" application component
in C:\wamp\www\index.php (14)
2011/10/14 22:26:52 [trace] [system.CModule] Loading "request" application component
in C:\wamp\www\index.php (14)
2011/10/14 22:26:52 [trace] [system.CModule] Loading "urlManager" application component
in C:\wamp\www\index.php (14)
2011/10/14 22:26:52 [trace] [system.CModule] Loading "cache" application component
in C:\wamp\www\index.php (14)
2011/10/14 22:26:52 [trace] [system.caching.CFileCache] Serving "Yii.CUrlManager.rules" from cache
in C:\wamp\www\index.php (14)
2011/10/14 22:26:52 [trace] [system.CModule] Loading "coreMessages" application component
in C:\wamp\www\index.php (14)
2011/10/14 22:26:52 [trace] [system.CModule] Loading "errorHandler" application component
2011/10/14 22:26:52 [trace] [system.CModule] Loading "log" application component
in C:\wamp\www\index.php (14)
2011/10/14 22:26:52 [trace] [system.CModule] Loading "request" application component
in C:\wamp\www\index.php (14)
2011/10/14 22:26:52 [trace] [system.CModule] Loading "urlManager" application component
in C:\wamp\www\index.php (14)
2011/10/14 22:26:52 [trace] [system.CModule] Loading "cache" application component
in C:\wamp\www\index.php (14)
2011/10/14 22:26:52 [trace] [system.caching.CFileCache] Serving "Yii.CUrlManager.rules" from cache
in C:\wamp\www\index.php (14)
2011/10/14 22:26:52 [trace] [system.CModule] Loading "coreMessages" application component
in C:\wamp\www\index.php (14)
2011/10/14 22:26:52 [trace] [system.CModule] Loading "errorHandler" application component
2011/10/14 22:26:52 [trace] [system.CModule] Loading "log" application component
in C:\wamp\www\index.php (14)
2011/10/14 22:26:52 [trace] [system.CModule] Loading "request" application component
in C:\wamp\www\index.php (14)
2011/10/14 22:26:52 [trace] [system.CModule] Loading "urlManager" application component
in C:\wamp\www\index.php (14)
2011/10/14 22:26:52 [trace] [system.CModule] Loading "cache" application component
in C:\wamp\www\index.php (14)
2011/10/14 22:26:52 [trace] [system.caching.CFileCache] Serving "Yii.CUrlManager.rules" from cache
in C:\wamp\www\index.php (14)
2011/10/14 22:26:52 [trace] [system.CModule] Loading "coreMessages" application component
in C:\wamp\www\index.php (14)
2011/10/14 22:26:52 [trace] [system.CModule] Loading "errorHandler" application component
2011/10/14 22:26:52 [trace] [system.CModule] Loading "log" application component
in C:\wamp\www\index.php (14)
2011/10/14 22:26:52 [trace] [system.CModule] Loading "request" application component
in C:\wamp\www\index.php (14)
2011/10/14 22:26:52 [trace] [system.CModule] Loading "urlManager" application component
in C:\wamp\www\index.php (14)
2011/10/14 22:26:52 [trace] [system.CModule] Loading "cache" application component
in C:\wamp\www\index.php (14)
2011/10/14 22:26:52 [trace] [system.caching.CFileCache] Serving "Yii.CUrlManager.rules" from cache
in C:\wamp\www\index.php (14)
2011/10/14 22:26:52 [trace] [system.CModule] Loading "coreMessages" application component
in C:\wamp\www\index.php (14)
2011/10/14 22:26:52 [trace] [system.CModule] Loading "errorHandler" application component
2011/10/14 22:26:53 [trace] [system.CModule] Loading "log" application component
in C:\wamp\www\index.php (14)
2011/10/14 22:26:53 [trace] [system.CModule] Loading "request" application component
in C:\wamp\www\index.php (14)
2011/10/14 22:26:53 [trace] [system.CModule] Loading "urlManager" application component
in C:\wamp\www\index.php (14)
2011/10/14 22:26:53 [trace] [system.CModule] Loading "cache" application component
in C:\wamp\www\index.php (14)
2011/10/14 22:26:53 [trace] [system.caching.CFileCache] Serving "Yii.CUrlManager.rules" from cache
in C:\wamp\www\index.php (14)
2011/10/14 22:26:53 [trace] [system.CModule] Loading "coreMessages" application component
in C:\wamp\www\index.php (14)
2011/10/14 22:26:53 [trace] [system.CModule] Loading "errorHandler" application component
2011/10/14 22:26:53 [trace] [system.CModule] Loading "log" application component
in C:\wamp\www\index.php (14)
2011/10/14 22:26:53 [trace] [system.CModule] Loading "request" application component
in C:\wamp\www\index.php (14)
2011/10/14 22:26:53 [trace] [system.CModule] Loading "urlManager" application component
in C:\wamp\www\index.php (14)
2011/10/14 22:26:53 [trace] [system.CModule] Loading "cache" application component
in C:\wamp\www\index.php (14)
2011/10/14 22:26:53 [trace] [system.caching.CFileCache] Serving "Yii.CUrlManager.rules" from cache
in C:\wamp\www\index.php (14)
2011/10/14 22:26:53 [trace] [system.CModule] Loading "coreMessages" application component
in C:\wamp\www\index.php (14)
2011/10/14 22:26:53 [trace] [system.CModule] Loading "errorHandler" application component
2011/10/14 22:26:57 [trace] [system.CModule] Loading "log" application component
in C:\wamp\www\index.php (14)
2011/10/14 22:26:57 [trace] [system.CModule] Loading "request" application component
in C:\wamp\www\index.php (14)
2011/10/14 22:26:57 [trace] [system.CModule] Loading "urlManager" application component
in C:\wamp\www\index.php (14)
2011/10/14 22:26:57 [trace] [system.CModule] Loading "cache" application component
in C:\wamp\www\index.php (14)
2011/10/14 22:26:57 [trace] [system.caching.CFileCache] Serving "Yii.CUrlManager.rules" from cache
in C:\wamp\www\index.php (14)
2011/10/14 22:26:57 [trace] [system.CModule] Loading "coreMessages" application component
in C:\wamp\www\index.php (14)
2011/10/14 22:26:57 [trace] [system.CModule] Loading "errorHandler" application component
2011/10/14 22:27:42 [trace] [system.CModule] Loading "log" application component
in C:\wamp\www\index.php (14)
2011/10/14 22:27:42 [trace] [system.CModule] Loading "request" application component
in C:\wamp\www\index.php (14)
2011/10/14 22:27:42 [trace] [system.CModule] Loading "urlManager" application component
in C:\wamp\www\index.php (14)
2011/10/14 22:27:42 [trace] [system.CModule] Loading "cache" application component
in C:\wamp\www\index.php (14)
2011/10/14 22:27:42 [trace] [system.caching.CFileCache] Serving "Yii.CUrlManager.rules" from cache
in C:\wamp\www\index.php (14)
2011/10/14 22:27:42 [trace] [system.CModule] Loading "coreMessages" application component
in C:\wamp\www\index.php (14)
2011/10/14 22:27:42 [trace] [system.CModule] Loading "errorHandler" application component
2011/10/14 22:27:43 [trace] [system.CModule] Loading "log" application component
in C:\wamp\www\index.php (14)
2011/10/14 22:27:43 [trace] [system.CModule] Loading "request" application component
in C:\wamp\www\index.php (14)
2011/10/14 22:27:43 [trace] [system.CModule] Loading "urlManager" application component
in C:\wamp\www\index.php (14)
2011/10/14 22:27:43 [trace] [system.CModule] Loading "cache" application component
in C:\wamp\www\index.php (14)
2011/10/14 22:27:43 [trace] [system.caching.CFileCache] Serving "Yii.CUrlManager.rules" from cache
in C:\wamp\www\index.php (14)
2011/10/14 22:27:43 [trace] [system.CModule] Loading "coreMessages" application component
in C:\wamp\www\index.php (14)
2011/10/14 22:27:43 [trace] [system.CModule] Loading "errorHandler" application component
2011/10/14 22:27:43 [trace] [system.CModule] Loading "log" application component
in C:\wamp\www\index.php (14)
2011/10/14 22:27:43 [trace] [system.CModule] Loading "request" application component
in C:\wamp\www\index.php (14)
2011/10/14 22:27:43 [trace] [system.CModule] Loading "urlManager" application component
in C:\wamp\www\index.php (14)
2011/10/14 22:27:43 [trace] [system.CModule] Loading "cache" application component
in C:\wamp\www\index.php (14)
2011/10/14 22:27:43 [trace] [system.caching.CFileCache] Serving "Yii.CUrlManager.rules" from cache
in C:\wamp\www\index.php (14)
2011/10/14 22:27:43 [trace] [system.CModule] Loading "coreMessages" application component
in C:\wamp\www\index.php (14)
2011/10/14 22:27:43 [trace] [system.CModule] Loading "errorHandler" application component
2011/10/14 22:27:44 [trace] [system.CModule] Loading "log" application component
in C:\wamp\www\index.php (14)
2011/10/14 22:27:44 [trace] [system.CModule] Loading "request" application component
in C:\wamp\www\index.php (14)
2011/10/14 22:27:44 [trace] [system.CModule] Loading "urlManager" application component
in C:\wamp\www\index.php (14)
2011/10/14 22:27:44 [trace] [system.CModule] Loading "cache" application component
in C:\wamp\www\index.php (14)
2011/10/14 22:27:44 [trace] [system.caching.CFileCache] Serving "Yii.CUrlManager.rules" from cache
in C:\wamp\www\index.php (14)
2011/10/14 22:27:44 [trace] [system.CModule] Loading "coreMessages" application component
in C:\wamp\www\index.php (14)
2011/10/14 22:27:44 [trace] [system.CModule] Loading "errorHandler" application component
2011/10/14 22:27:44 [trace] [system.CModule] Loading "log" application component
in C:\wamp\www\index.php (14)
2011/10/14 22:27:44 [trace] [system.CModule] Loading "request" application component
in C:\wamp\www\index.php (14)
2011/10/14 22:27:44 [trace] [system.CModule] Loading "urlManager" application component
in C:\wamp\www\index.php (14)
2011/10/14 22:27:44 [trace] [system.CModule] Loading "cache" application component
in C:\wamp\www\index.php (14)
2011/10/14 22:27:44 [trace] [system.caching.CFileCache] Serving "Yii.CUrlManager.rules" from cache
in C:\wamp\www\index.php (14)
2011/10/14 22:27:44 [trace] [system.CModule] Loading "coreMessages" application component
in C:\wamp\www\index.php (14)
2011/10/14 22:27:44 [trace] [system.CModule] Loading "errorHandler" application component
2011/10/14 22:27:45 [trace] [system.CModule] Loading "log" application component
in C:\wamp\www\index.php (14)
2011/10/14 22:27:45 [trace] [system.CModule] Loading "request" application component
in C:\wamp\www\index.php (14)
2011/10/14 22:27:45 [trace] [system.CModule] Loading "urlManager" application component
in C:\wamp\www\index.php (14)
2011/10/14 22:27:45 [trace] [system.CModule] Loading "cache" application component
in C:\wamp\www\index.php (14)
2011/10/14 22:27:45 [trace] [system.caching.CFileCache] Serving "Yii.CUrlManager.rules" from cache
in C:\wamp\www\index.php (14)
2011/10/14 22:27:45 [trace] [system.CModule] Loading "coreMessages" application component
in C:\wamp\www\index.php (14)
2011/10/14 22:27:45 [trace] [system.CModule] Loading "errorHandler" application component
2011/10/14 22:27:55 [trace] [system.CModule] Loading "log" application component
in C:\wamp\www\index.php (14)
2011/10/14 22:27:55 [trace] [system.CModule] Loading "request" application component
in C:\wamp\www\index.php (14)
2011/10/14 22:27:55 [trace] [system.CModule] Loading "urlManager" application component
in C:\wamp\www\index.php (14)
2011/10/14 22:27:55 [trace] [system.CModule] Loading "cache" application component
in C:\wamp\www\index.php (14)
2011/10/14 22:27:55 [trace] [system.caching.CFileCache] Serving "Yii.CUrlManager.rules" from cache
in C:\wamp\www\index.php (14)
2011/10/14 22:27:55 [trace] [system.CModule] Loading "coreMessages" application component
in C:\wamp\www\index.php (14)
2011/10/14 22:27:55 [trace] [system.CModule] Loading "errorHandler" application component
2011/10/14 22:27:58 [trace] [system.CModule] Loading "log" application component
in C:\wamp\www\index.php (14)
2011/10/14 22:27:58 [trace] [system.CModule] Loading "request" application component
in C:\wamp\www\index.php (14)
2011/10/14 22:27:58 [trace] [system.CModule] Loading "urlManager" application component
in C:\wamp\www\index.php (14)
2011/10/14 22:27:58 [trace] [system.CModule] Loading "cache" application component
in C:\wamp\www\index.php (14)
2011/10/14 22:27:58 [trace] [system.caching.CFileCache] Serving "Yii.CUrlManager.rules" from cache
in C:\wamp\www\index.php (14)
2011/10/14 22:27:58 [trace] [system.CModule] Loading "coreMessages" application component
in C:\wamp\www\index.php (14)
2011/10/14 22:27:58 [trace] [system.CModule] Loading "errorHandler" application component
2011/10/14 22:28:01 [trace] [system.CModule] Loading "log" application component
in C:\wamp\www\index.php (14)
2011/10/14 22:28:01 [trace] [system.CModule] Loading "request" application component
in C:\wamp\www\index.php (14)
2011/10/14 22:28:01 [trace] [system.CModule] Loading "urlManager" application component
in C:\wamp\www\index.php (14)
2011/10/14 22:28:01 [trace] [system.CModule] Loading "cache" application component
in C:\wamp\www\index.php (14)
2011/10/14 22:28:01 [trace] [system.caching.CFileCache] Serving "Yii.CUrlManager.rules" from cache
in C:\wamp\www\index.php (14)
2011/10/14 22:28:01 [trace] [system.CModule] Loading "coreMessages" application component
in C:\wamp\www\index.php (14)
2011/10/14 22:28:01 [trace] [system.CModule] Loading "errorHandler" application component
2011/10/14 22:28:01 [trace] [system.CModule] Loading "log" application component
in C:\wamp\www\index.php (14)
2011/10/14 22:28:01 [trace] [system.CModule] Loading "request" application component
in C:\wamp\www\index.php (14)
2011/10/14 22:28:01 [trace] [system.CModule] Loading "urlManager" application component
in C:\wamp\www\index.php (14)
2011/10/14 22:28:01 [trace] [system.CModule] Loading "cache" application component
in C:\wamp\www\index.php (14)
2011/10/14 22:28:01 [trace] [system.caching.CFileCache] Serving "Yii.CUrlManager.rules" from cache
in C:\wamp\www\index.php (14)
2011/10/14 22:28:01 [trace] [system.CModule] Loading "coreMessages" application component
in C:\wamp\www\index.php (14)
2011/10/14 22:28:01 [trace] [system.CModule] Loading "errorHandler" application component
2011/10/14 22:28:02 [trace] [system.CModule] Loading "log" application component
in C:\wamp\www\index.php (14)
2011/10/14 22:28:02 [trace] [system.CModule] Loading "request" application component
in C:\wamp\www\index.php (14)
2011/10/14 22:28:02 [trace] [system.CModule] Loading "urlManager" application component
in C:\wamp\www\index.php (14)
2011/10/14 22:28:02 [trace] [system.CModule] Loading "cache" application component
in C:\wamp\www\index.php (14)
2011/10/14 22:28:02 [trace] [system.caching.CFileCache] Serving "Yii.CUrlManager.rules" from cache
in C:\wamp\www\index.php (14)
2011/10/14 22:28:02 [trace] [system.CModule] Loading "coreMessages" application component
in C:\wamp\www\index.php (14)
2011/10/14 22:28:02 [trace] [system.CModule] Loading "errorHandler" application component
2011/10/14 22:28:02 [trace] [system.CModule] Loading "log" application component
in C:\wamp\www\index.php (14)
2011/10/14 22:28:02 [trace] [system.CModule] Loading "request" application component
in C:\wamp\www\index.php (14)
2011/10/14 22:28:02 [trace] [system.CModule] Loading "urlManager" application component
in C:\wamp\www\index.php (14)
2011/10/14 22:28:02 [trace] [system.CModule] Loading "cache" application component
in C:\wamp\www\index.php (14)
2011/10/14 22:28:02 [trace] [system.caching.CFileCache] Serving "Yii.CUrlManager.rules" from cache
in C:\wamp\www\index.php (14)
2011/10/14 22:28:02 [trace] [system.CModule] Loading "coreMessages" application component
in C:\wamp\www\index.php (14)
2011/10/14 22:28:02 [trace] [system.CModule] Loading "errorHandler" application component
2011/10/14 22:28:02 [trace] [system.CModule] Loading "log" application component
in C:\wamp\www\index.php (14)
2011/10/14 22:28:02 [trace] [system.CModule] Loading "request" application component
in C:\wamp\www\index.php (14)
2011/10/14 22:28:02 [trace] [system.CModule] Loading "urlManager" application component
in C:\wamp\www\index.php (14)
2011/10/14 22:28:02 [trace] [system.CModule] Loading "cache" application component
in C:\wamp\www\index.php (14)
2011/10/14 22:28:02 [trace] [system.caching.CFileCache] Serving "Yii.CUrlManager.rules" from cache
in C:\wamp\www\index.php (14)
2011/10/14 22:28:02 [trace] [system.CModule] Loading "coreMessages" application component
in C:\wamp\www\index.php (14)
2011/10/14 22:28:02 [trace] [system.CModule] Loading "errorHandler" application component
2011/10/14 22:28:03 [trace] [system.CModule] Loading "log" application component
in C:\wamp\www\index.php (14)
2011/10/14 22:28:03 [trace] [system.CModule] Loading "request" application component
in C:\wamp\www\index.php (14)
2011/10/14 22:28:03 [trace] [system.CModule] Loading "urlManager" application component
in C:\wamp\www\index.php (14)
2011/10/14 22:28:03 [trace] [system.CModule] Loading "cache" application component
in C:\wamp\www\index.php (14)
2011/10/14 22:28:03 [trace] [system.caching.CFileCache] Serving "Yii.CUrlManager.rules" from cache
in C:\wamp\www\index.php (14)
2011/10/14 22:28:03 [trace] [system.CModule] Loading "coreMessages" application component
in C:\wamp\www\index.php (14)
2011/10/14 22:28:03 [trace] [system.CModule] Loading "errorHandler" application component
2011/10/14 22:28:13 [trace] [system.CModule] Loading "log" application component
in C:\wamp\www\index.php (14)
2011/10/14 22:28:13 [trace] [system.CModule] Loading "request" application component
in C:\wamp\www\index.php (14)
2011/10/14 22:28:13 [trace] [system.CModule] Loading "urlManager" application component
in C:\wamp\www\index.php (14)
2011/10/14 22:28:13 [trace] [system.CModule] Loading "cache" application component
in C:\wamp\www\index.php (14)
2011/10/14 22:28:13 [trace] [system.caching.CFileCache] Serving "Yii.CUrlManager.rules" from cache
in C:\wamp\www\index.php (14)
2011/10/14 22:28:13 [trace] [system.CModule] Loading "coreMessages" application component
in C:\wamp\www\index.php (14)
2011/10/14 22:28:13 [trace] [system.CModule] Loading "errorHandler" application component
2011/10/14 22:28:13 [trace] [system.CModule] Loading "log" application component
in C:\wamp\www\index.php (14)
2011/10/14 22:28:13 [trace] [system.CModule] Loading "request" application component
in C:\wamp\www\index.php (14)
2011/10/14 22:28:13 [trace] [system.CModule] Loading "urlManager" application component
in C:\wamp\www\index.php (14)
2011/10/14 22:28:13 [trace] [system.CModule] Loading "cache" application component
in C:\wamp\www\index.php (14)
2011/10/14 22:28:13 [trace] [system.caching.CFileCache] Serving "Yii.CUrlManager.rules" from cache
in C:\wamp\www\index.php (14)
2011/10/14 22:28:13 [trace] [system.CModule] Loading "coreMessages" application component
in C:\wamp\www\index.php (14)
2011/10/14 22:28:13 [trace] [system.CModule] Loading "errorHandler" application component
2011/10/14 22:28:14 [trace] [system.CModule] Loading "log" application component
in C:\wamp\www\index.php (14)
2011/10/14 22:28:14 [trace] [system.CModule] Loading "request" application component
in C:\wamp\www\index.php (14)
2011/10/14 22:28:14 [trace] [system.CModule] Loading "urlManager" application component
in C:\wamp\www\index.php (14)
2011/10/14 22:28:14 [trace] [system.CModule] Loading "cache" application component
in C:\wamp\www\index.php (14)
2011/10/14 22:28:14 [trace] [system.caching.CFileCache] Serving "Yii.CUrlManager.rules" from cache
in C:\wamp\www\index.php (14)
2011/10/14 22:28:14 [trace] [system.CModule] Loading "coreMessages" application component
in C:\wamp\www\index.php (14)
2011/10/14 22:28:14 [trace] [system.CModule] Loading "errorHandler" application component
2011/10/14 22:28:18 [trace] [system.CModule] Loading "log" application component
in C:\wamp\www\index.php (14)
2011/10/14 22:28:18 [trace] [system.CModule] Loading "request" application component
in C:\wamp\www\index.php (14)
2011/10/14 22:28:18 [trace] [system.CModule] Loading "urlManager" application component
in C:\wamp\www\index.php (14)
2011/10/14 22:28:18 [trace] [system.CModule] Loading "cache" application component
in C:\wamp\www\index.php (14)
2011/10/14 22:28:18 [trace] [system.caching.CFileCache] Serving "Yii.CUrlManager.rules" from cache
in C:\wamp\www\index.php (14)
2011/10/14 22:28:18 [trace] [system.CModule] Loading "coreMessages" application component
in C:\wamp\www\index.php (14)
2011/10/14 22:28:18 [trace] [system.CModule] Loading "errorHandler" application component
2011/10/14 22:28:34 [trace] [system.CModule] Loading "log" application component
in C:\wamp\www\index.php (14)
2011/10/14 22:28:34 [trace] [system.CModule] Loading "request" application component
in C:\wamp\www\index.php (14)
2011/10/14 22:28:34 [trace] [system.CModule] Loading "urlManager" application component
in C:\wamp\www\index.php (14)
2011/10/14 22:28:34 [trace] [system.CModule] Loading "cache" application component
in C:\wamp\www\index.php (14)
2011/10/14 22:28:34 [trace] [system.caching.CFileCache] Serving "Yii.CUrlManager.rules" from cache
in C:\wamp\www\index.php (14)
2011/10/14 22:28:34 [trace] [system.CModule] Loading "coreMessages" application component
in C:\wamp\www\index.php (14)
2011/10/14 22:28:34 [trace] [system.CModule] Loading "errorHandler" application component
2011/10/14 22:28:38 [trace] [system.CModule] Loading "log" application component
in C:\wamp\www\index.php (14)
2011/10/14 22:28:38 [trace] [system.CModule] Loading "request" application component
in C:\wamp\www\index.php (14)
2011/10/14 22:28:38 [trace] [system.CModule] Loading "urlManager" application component
in C:\wamp\www\index.php (14)
2011/10/14 22:28:38 [trace] [system.CModule] Loading "cache" application component
in C:\wamp\www\index.php (14)
2011/10/14 22:28:38 [trace] [system.caching.CFileCache] Serving "Yii.CUrlManager.rules" from cache
in C:\wamp\www\index.php (14)
2011/10/14 22:28:38 [trace] [system.CModule] Loading "coreMessages" application component
in C:\wamp\www\index.php (14)
2011/10/14 22:28:38 [trace] [system.CModule] Loading "errorHandler" application component
2011/10/14 22:28:38 [trace] [system.CModule] Loading "log" application component
in C:\wamp\www\index.php (14)
2011/10/14 22:28:38 [trace] [system.CModule] Loading "request" application component
in C:\wamp\www\index.php (14)
2011/10/14 22:28:38 [trace] [system.CModule] Loading "urlManager" application component
in C:\wamp\www\index.php (14)
2011/10/14 22:28:38 [trace] [system.CModule] Loading "cache" application component
in C:\wamp\www\index.php (14)
2011/10/14 22:28:38 [trace] [system.caching.CFileCache] Serving "Yii.CUrlManager.rules" from cache
in C:\wamp\www\index.php (14)
2011/10/14 22:28:38 [trace] [system.CModule] Loading "coreMessages" application component
in C:\wamp\www\index.php (14)
2011/10/14 22:28:38 [trace] [system.CModule] Loading "errorHandler" application component
2011/10/14 22:47:15 [trace] [system.CModule] Loading "log" application component
in C:\wamp\www\index.php (14)
2011/10/14 22:47:15 [trace] [system.CModule] Loading "request" application component
in C:\wamp\www\index.php (14)
2011/10/14 22:47:15 [trace] [system.CModule] Loading "urlManager" application component
in C:\wamp\www\index.php (14)
2011/10/14 22:47:15 [trace] [system.CModule] Loading "cache" application component
in C:\wamp\www\index.php (14)
2011/10/14 22:47:15 [trace] [system.caching.CFileCache] Serving "Yii.CUrlManager.rules" from cache
in C:\wamp\www\index.php (14)
2011/10/14 22:47:15 [trace] [system.CModule] Loading "coreMessages" application component
in C:\wamp\www\index.php (14)
2011/10/14 22:47:15 [trace] [system.CModule] Loading "errorHandler" application component
2011/10/14 22:47:19 [trace] [system.CModule] Loading "log" application component
in C:\wamp\www\index.php (14)
2011/10/14 22:47:19 [trace] [system.CModule] Loading "request" application component
in C:\wamp\www\index.php (14)
2011/10/14 22:47:19 [trace] [system.CModule] Loading "urlManager" application component
in C:\wamp\www\index.php (14)
2011/10/14 22:47:19 [trace] [system.CModule] Loading "cache" application component
in C:\wamp\www\index.php (14)
2011/10/14 22:47:19 [trace] [system.caching.CFileCache] Serving "Yii.CUrlManager.rules" from cache
in C:\wamp\www\index.php (14)
2011/10/14 22:47:19 [trace] [system.CModule] Loading "coreMessages" application component
in C:\wamp\www\index.php (14)
2011/10/14 22:47:19 [trace] [system.CModule] Loading "errorHandler" application component
2011/10/14 22:47:24 [trace] [system.CModule] Loading "log" application component
in C:\wamp\www\index.php (14)
2011/10/14 22:47:24 [trace] [system.CModule] Loading "request" application component
in C:\wamp\www\index.php (14)
2011/10/14 22:47:24 [trace] [system.CModule] Loading "urlManager" application component
in C:\wamp\www\index.php (14)
2011/10/14 22:47:24 [trace] [system.CModule] Loading "cache" application component
in C:\wamp\www\index.php (14)
2011/10/14 22:47:24 [trace] [system.caching.CFileCache] Serving "Yii.CUrlManager.rules" from cache
in C:\wamp\www\index.php (14)
2011/10/14 22:47:24 [trace] [system.CModule] Loading "coreMessages" application component
in C:\wamp\www\index.php (14)
2011/10/14 22:47:24 [trace] [system.CModule] Loading "errorHandler" application component
2011/10/14 22:47:38 [trace] [system.CModule] Loading "log" application component
in C:\wamp\www\index.php (14)
2011/10/14 22:47:38 [trace] [system.CModule] Loading "request" application component
in C:\wamp\www\index.php (14)
2011/10/14 22:47:38 [trace] [system.CModule] Loading "urlManager" application component
in C:\wamp\www\index.php (14)
2011/10/14 22:47:38 [trace] [system.CModule] Loading "cache" application component
in C:\wamp\www\index.php (14)
2011/10/14 22:47:38 [trace] [system.caching.CFileCache] Serving "Yii.CUrlManager.rules" from cache
in C:\wamp\www\index.php (14)
2011/10/14 22:47:38 [trace] [system.CModule] Loading "coreMessages" application component
in C:\wamp\www\index.php (14)
2011/10/14 22:47:38 [trace] [system.CModule] Loading "errorHandler" application component
2011/10/14 22:47:41 [trace] [system.CModule] Loading "log" application component
in C:\wamp\www\index.php (14)
2011/10/14 22:47:41 [trace] [system.CModule] Loading "request" application component
in C:\wamp\www\index.php (14)
2011/10/14 22:47:41 [trace] [system.CModule] Loading "urlManager" application component
in C:\wamp\www\index.php (14)
2011/10/14 22:47:41 [trace] [system.CModule] Loading "cache" application component
in C:\wamp\www\index.php (14)
2011/10/14 22:47:41 [trace] [system.caching.CFileCache] Serving "Yii.CUrlManager.rules" from cache
in C:\wamp\www\index.php (14)
2011/10/14 22:47:41 [trace] [system.CModule] Loading "coreMessages" application component
in C:\wamp\www\index.php (14)
2011/10/14 22:47:41 [trace] [system.CModule] Loading "errorHandler" application component
2011/10/14 22:47:56 [trace] [system.CModule] Loading "log" application component
in C:\wamp\www\index.php (14)
2011/10/14 22:47:56 [trace] [system.CModule] Loading "request" application component
in C:\wamp\www\index.php (14)
2011/10/14 22:47:56 [trace] [system.CModule] Loading "urlManager" application component
in C:\wamp\www\index.php (14)
2011/10/14 22:47:56 [trace] [system.CModule] Loading "cache" application component
in C:\wamp\www\index.php (14)
2011/10/14 22:47:56 [trace] [system.caching.CFileCache] Serving "Yii.CUrlManager.rules" from cache
in C:\wamp\www\index.php (14)
2011/10/14 22:47:56 [trace] [system.CModule] Loading "coreMessages" application component
in C:\wamp\www\index.php (14)
2011/10/14 22:47:56 [trace] [system.CModule] Loading "errorHandler" application component
2011/10/14 22:48:07 [trace] [system.CModule] Loading "log" application component
in C:\wamp\www\index.php (14)
2011/10/14 22:48:07 [trace] [system.CModule] Loading "request" application component
in C:\wamp\www\index.php (14)
2011/10/14 22:48:07 [trace] [system.CModule] Loading "urlManager" application component
in C:\wamp\www\index.php (14)
2011/10/14 22:48:07 [trace] [system.CModule] Loading "cache" application component
in C:\wamp\www\index.php (14)
2011/10/14 22:48:07 [trace] [system.caching.CFileCache] Serving "Yii.CUrlManager.rules" from cache
in C:\wamp\www\index.php (14)
2011/10/14 22:48:07 [trace] [system.CModule] Loading "coreMessages" application component
in C:\wamp\www\index.php (14)
2011/10/14 22:48:07 [trace] [system.CModule] Loading "errorHandler" application component
2011/10/15 15:15:38 [trace] [system.CModule] Loading "log" application component
in C:\wamp\www\index.php (14)
2011/10/15 15:15:38 [trace] [system.CModule] Loading "request" application component
in C:\wamp\www\index.php (14)
2011/10/15 15:15:38 [trace] [system.CModule] Loading "urlManager" application component
in C:\wamp\www\index.php (14)
2011/10/15 15:15:38 [trace] [system.CModule] Loading "cache" application component
in C:\wamp\www\index.php (14)
2011/10/15 15:15:38 [trace] [system.caching.CFileCache] Serving "Yii.CUrlManager.rules" from cache
in C:\wamp\www\index.php (14)
2011/10/15 15:15:38 [trace] [system.CModule] Loading "clientScript" application component
in C:\wamp\www\protected\views\layouts\main.php (11)
in C:\wamp\www\protected\controllers\HomeController.php (30)
in C:\wamp\www\index.php (14)
2011/10/15 15:15:38 [trace] [system.CModule] Loading "assetManager" application component
in C:\wamp\www\protected\controllers\HomeController.php (30)
in C:\wamp\www\index.php (14)
2011/10/15 15:15:38 [trace] [system.CModule] Loading "log" application component
in C:\wamp\www\index.php (14)
2011/10/15 15:15:38 [trace] [system.CModule] Loading "request" application component
in C:\wamp\www\index.php (14)
2011/10/15 15:15:38 [trace] [system.CModule] Loading "urlManager" application component
in C:\wamp\www\index.php (14)
2011/10/15 15:15:38 [trace] [system.CModule] Loading "cache" application component
in C:\wamp\www\index.php (14)
2011/10/15 15:15:38 [trace] [system.caching.CFileCache] Serving "Yii.CUrlManager.rules" from cache
in C:\wamp\www\index.php (14)
2011/10/15 15:15:38 [trace] [system.CModule] Loading "coreMessages" application component
in C:\wamp\www\index.php (14)
2011/10/15 15:15:38 [trace] [system.CModule] Loading "errorHandler" application component
